// 同步 ID: 76f0713e @ Thu Jul  2 10:11:15 UTC 2026
// 重构日志: f52029be
// 同步 ID: 16478a7e @ Fri Jul  3 09:20:09 UTC 2026
// 重构日志: 6d65ee2a
// 重构日志: 49d60252
// 重构日志: efaf930f
// 重构日志: c971246a
// 重构日志: 6e9dccfe
// 重构日志: ab80d8d1
// 重构日志: e674043d
// 重构日志: 9c196031
// 重构日志: 5c09622d
// 重构日志: 48f0fd78
// 重构日志: dce3c28a
// 同步 ID: ffad9943 @ Mon Jul 20 03:58:49 UTC 2026
// 同步 ID: 56191ca5 @ Mon Jul 20 18:09:41 UTC 2026
// 同步 ID: 1e255eb2 @ Tue Jul 21 07:55:19 UTC 2026
// 重构日志: 6aad53e3
// 重构日志: e4323337
// 重构日志: e3538f14
